2020-12-07 12:15:41,911 [Worker-5: Loading available Gradle versions] INFO  o.e.b.c.i.u.g.PublishedGradleVersions - Gradle version information cache is out-of-date. Trying to update.
2020-12-07 12:16:51,595 [Worker-11: Importing Maven projects] INFO  o.e.m.c.i.l.LifecycleMappingFactory - Using org.eclipse.m2e.jdt.JarLifecycleMapping lifecycle mapping for MavenProject: com:Automation_ComputerDB_12thDec:0.0.1-SNAPSHOT @ E:\GForcesProject\Automation_ComputerDB_12thDec\pom.xml.
2020-12-07 12:16:54,000 [Worker-11: Importing Maven projects] INFO  o.e.m.j.i.AbstractJavaProjectConfigurator - Adding source folder /Automation_ComputerDB_12thDec/src/main/java
2020-12-07 12:16:54,000 [Worker-11: Importing Maven projects] INFO  o.e.m.j.i.AbstractJavaProjectConfigurator - Adding resource folder /Automation_ComputerDB_12thDec/src/main/resources
2020-12-07 12:16:54,002 [Worker-11: Importing Maven projects] INFO  o.e.m.j.i.AbstractJavaProjectConfigurator - Adding source folder /Automation_ComputerDB_12thDec/src/test/java
2020-12-07 12:16:54,002 [Worker-11: Importing Maven projects] INFO  o.e.m.j.i.AbstractJavaProjectConfigurator - Adding resource folder /Automation_ComputerDB_12thDec/src/test/resources
2020-12-07 12:16:54,177 [Worker-11: Importing Maven projects] INFO  o.e.m.c.i.p.ProjectConfigurationManager - Imported and configured 1 project(s) in 12 sec
2020-12-07 12:16:56,090 [Worker-10: Building] WARN  o.e.m.c.i.embedder.EclipseLogger - Using platform encoding (Cp1252 actually) to copy filtered resources, i.e. build is platform dependent!
2020-12-07 12:16:56,096 [Worker-10: Building] INFO  o.e.m.c.i.embedder.EclipseLogger - Copying 0 resource
2020-12-07 12:16:56,098 [Worker-10: Building] WARN  o.e.m.c.i.embedder.EclipseLogger - Using platform encoding (Cp1252 actually) to copy filtered resources, i.e. build is platform dependent!
2020-12-07 12:16:56,099 [Worker-10: Building] INFO  o.e.m.c.i.embedder.EclipseLogger - Copying 1 resource
2020-12-07 12:17:53,613 [Worker-8: Building] INFO  o.e.m.c.i.l.LifecycleMappingFactory - Using org.eclipse.m2e.jdt.JarLifecycleMapping lifecycle mapping for MavenProject: com:Automation_ComputerDB_12thDec:0.0.1-SNAPSHOT @ E:\GForcesProject\Automation_ComputerDB_12thDec\pom.xml.
2020-12-07 12:17:53,902 [Worker-8: Building] WARN  o.e.m.c.i.embedder.EclipseLogger - Using platform encoding (Cp1252 actually) to copy filtered resources, i.e. build is platform dependent!
2020-12-07 12:17:53,905 [Worker-8: Building] INFO  o.e.m.c.i.embedder.EclipseLogger - Copying 0 resource
2020-12-07 12:17:53,907 [Worker-8: Building] WARN  o.e.m.c.i.embedder.EclipseLogger - Using platform encoding (Cp1252 actually) to copy filtered resources, i.e. build is platform dependent!
2020-12-07 12:17:53,908 [Worker-8: Building] INFO  o.e.m.c.i.embedder.EclipseLogger - Copying 0 resource
2020-12-07 12:18:05,736 [Worker-0: Building] WARN  o.e.m.c.i.embedder.EclipseLogger - Using platform encoding (Cp1252 actually) to copy filtered resources, i.e. build is platform dependent!
2020-12-07 12:18:05,737 [Worker-0: Building] INFO  o.e.m.c.i.embedder.EclipseLogger - Copying 0 resource
2020-12-07 12:18:05,738 [Worker-0: Building] WARN  o.e.m.c.i.embedder.EclipseLogger - Using platform encoding (Cp1252 actually) to copy filtered resources, i.e. build is platform dependent!
2020-12-07 12:18:05,739 [Worker-0: Building] INFO  o.e.m.c.i.embedder.EclipseLogger - Copying 0 resource
2020-12-07 12:18:20,332 [Worker-14: Updating Maven Project] INFO  o.e.m.c.i.p.ProjectConfigurationManager - Update started
2020-12-07 12:18:20,661 [Worker-14: Updating Maven Project] INFO  o.e.m.c.i.l.LifecycleMappingFactory - Using org.eclipse.m2e.jdt.JarLifecycleMapping lifecycle mapping for MavenProject: com:Automation_ComputerDB_12thDec:0.0.1-SNAPSHOT @ E:\GForcesProject\Automation_ComputerDB_12thDec\pom.xml.
2020-12-07 12:18:20,961 [Worker-14: Updating Maven Project] INFO  o.e.m.j.i.AbstractJavaProjectConfigurator - Adding source folder /Automation_ComputerDB_12thDec/src/main/java
2020-12-07 12:18:20,961 [Worker-14: Updating Maven Project] INFO  o.e.m.j.i.AbstractJavaProjectConfigurator - Adding resource folder /Automation_ComputerDB_12thDec/src/main/resources
2020-12-07 12:18:20,962 [Worker-14: Updating Maven Project] INFO  o.e.m.j.i.AbstractJavaProjectConfigurator - Adding source folder /Automation_ComputerDB_12thDec/src/test/java
2020-12-07 12:18:20,962 [Worker-14: Updating Maven Project] INFO  o.e.m.j.i.AbstractJavaProjectConfigurator - Adding resource folder /Automation_ComputerDB_12thDec/src/test/resources
2020-12-07 12:18:21,370 [Worker-14: Updating Maven Project] INFO  o.e.m.c.i.p.ProjectConfigurationManager - Update completed: 1 sec
2020-12-07 12:18:21,790 [Worker-6: Building] WARN  o.e.m.c.i.embedder.EclipseLogger - Using platform encoding (Cp1252 actually) to copy filtered resources, i.e. build is platform dependent!
2020-12-07 12:18:21,791 [Worker-6: Building] INFO  o.e.m.c.i.embedder.EclipseLogger - Copying 0 resource
2020-12-07 12:18:21,793 [Worker-6: Building] WARN  o.e.m.c.i.embedder.EclipseLogger - Using platform encoding (Cp1252 actually) to copy filtered resources, i.e. build is platform dependent!
2020-12-07 12:18:21,794 [Worker-6: Building] INFO  o.e.m.c.i.embedder.EclipseLogger - Copying 1 resource
2020-12-07 12:18:50,933 [Worker-14: Building] WARN  o.e.m.c.i.embedder.EclipseLogger - Using platform encoding (Cp1252 actually) to copy filtered resources, i.e. build is platform dependent!
2020-12-07 12:18:50,935 [Worker-14: Building] INFO  o.e.m.c.i.embedder.EclipseLogger - Copying 0 resource
2020-12-07 12:18:50,936 [Worker-14: Building] WARN  o.e.m.c.i.embedder.EclipseLogger - Using platform encoding (Cp1252 actually) to copy filtered resources, i.e. build is platform dependent!
2020-12-07 12:18:50,937 [Worker-14: Building] INFO  o.e.m.c.i.embedder.EclipseLogger - Copying 0 resource
2020-12-07 12:19:28,991 [Worker-6: Building] WARN  o.e.m.c.i.embedder.EclipseLogger - Using platform encoding (Cp1252 actually) to copy filtered resources, i.e. build is platform dependent!
2020-12-07 12:19:28,992 [Worker-6: Building] INFO  o.e.m.c.i.embedder.EclipseLogger - Copying 0 resource
2020-12-07 12:19:28,992 [Worker-6: Building] WARN  o.e.m.c.i.embedder.EclipseLogger - Using platform encoding (Cp1252 actually) to copy filtered resources, i.e. build is platform dependent!
2020-12-07 12:19:28,993 [Worker-6: Building] INFO  o.e.m.c.i.embedder.EclipseLogger - Copying 0 resource
2020-12-07 12:21:28,309 [Worker-6: Building] WARN  o.e.m.c.i.embedder.EclipseLogger - Using platform encoding (Cp1252 actually) to copy filtered resources, i.e. build is platform dependent!
2020-12-07 12:21:28,310 [Worker-6: Building] INFO  o.e.m.c.i.embedder.EclipseLogger - Copying 0 resource
2020-12-07 12:21:28,312 [Worker-6: Building] WARN  o.e.m.c.i.embedder.EclipseLogger - Using platform encoding (Cp1252 actually) to copy filtered resources, i.e. build is platform dependent!
2020-12-07 12:21:28,314 [Worker-6: Building] INFO  o.e.m.c.i.embedder.EclipseLogger - Copying 0 resource
2020-12-07 12:21:39,936 [Worker-13: Building] INFO  o.e.m.c.i.l.LifecycleMappingFactory - Using org.eclipse.m2e.jdt.JarLifecycleMapping lifecycle mapping for MavenProject: com:Automation_ComputerDB_12thDec:0.0.1-SNAPSHOT @ E:\GForcesProject\Automation_ComputerDB_12thDec\pom.xml.
2020-12-07 12:21:40,219 [Worker-13: Building] WARN  o.e.m.c.i.embedder.EclipseLogger - Using platform encoding (Cp1252 actually) to copy filtered resources, i.e. build is platform dependent!
2020-12-07 12:21:40,221 [Worker-13: Building] INFO  o.e.m.c.i.embedder.EclipseLogger - Copying 0 resource
2020-12-07 12:21:40,224 [Worker-13: Building] WARN  o.e.m.c.i.embedder.EclipseLogger - Using platform encoding (Cp1252 actually) to copy filtered resources, i.e. build is platform dependent!
2020-12-07 12:21:40,225 [Worker-13: Building] INFO  o.e.m.c.i.embedder.EclipseLogger - Copying 0 resource
2020-12-07 12:21:44,407 [Worker-14: Building] WARN  o.e.m.c.i.embedder.EclipseLogger - Using platform encoding (Cp1252 actually) to copy filtered resources, i.e. build is platform dependent!
2020-12-07 12:21:44,407 [Worker-14: Building] INFO  o.e.m.c.i.embedder.EclipseLogger - Copying 0 resource
2020-12-07 12:21:44,408 [Worker-14: Building] WARN  o.e.m.c.i.embedder.EclipseLogger - Using platform encoding (Cp1252 actually) to copy filtered resources, i.e. build is platform dependent!
2020-12-07 12:21:44,409 [Worker-14: Building] INFO  o.e.m.c.i.embedder.EclipseLogger - Copying 0 resource
2020-12-07 12:22:17,810 [Worker-13: Launching Executing test in E__GForcesProject_Automation_ComputerDB_12thDec] INFO  o.e.m.i.launch.MavenLaunchDelegate - E:\GForcesProject\Automation_ComputerDB_12thDec
2020-12-07 12:22:17,811 [Worker-13: Launching Executing test in E__GForcesProject_Automation_ComputerDB_12thDec] INFO  o.e.m.i.launch.MavenLaunchDelegate -  mvn -B test
2020-12-07 12:22:20,760 [Worker-20: Building] WARN  o.e.m.c.i.embedder.EclipseLogger - Using platform encoding (Cp1252 actually) to copy filtered resources, i.e. build is platform dependent!
2020-12-07 12:22:20,761 [Worker-20: Building] INFO  o.e.m.c.i.embedder.EclipseLogger - Copying 0 resource
2020-12-07 12:22:20,762 [Worker-20: Building] WARN  o.e.m.c.i.embedder.EclipseLogger - Using platform encoding (Cp1252 actually) to copy filtered resources, i.e. build is platform dependent!
2020-12-07 12:22:20,762 [Worker-20: Building] INFO  o.e.m.c.i.embedder.EclipseLogger - Copying 0 resource
2020-12-07 12:22:35,839 [Worker-20: Searching...] INFO  o.e.m.c.i.e.AbstractTransferListenerAdapter - Downloading https://repo.maven.apache.org/maven2/io/takari/m2e/workspace/org.eclipse.m2e.workspace.cli/0.3.1/org.eclipse.m2e.workspace.cli-0.3.1-sources.jar
2020-12-07 12:22:36,975 [Worker-20: Searching...] INFO  o.e.m.c.i.e.AbstractTransferListenerAdapter - Downloaded https://repo.maven.apache.org/maven2/io/takari/m2e/workspace/org.eclipse.m2e.workspace.cli/0.3.1/org.eclipse.m2e.workspace.cli-0.3.1-sources.jar
2020-12-07 12:22:38,355 [Worker-20: Searching...] INFO  o.e.m.c.i.e.AbstractTransferListenerAdapter - Downloading https://repo.maven.apache.org/maven2/org/codehaus/plexus/plexus-classworlds/2.6.0/plexus-classworlds-2.6.0-sources.jar
2020-12-07 12:22:38,685 [Worker-20: Searching...] INFO  o.e.m.c.i.e.AbstractTransferListenerAdapter - Downloaded https://repo.maven.apache.org/maven2/org/codehaus/plexus/plexus-classworlds/2.6.0/plexus-classworlds-2.6.0-sources.jar
2020-12-07 12:22:39,649 [Worker-20: Searching...] INFO  o.e.m.c.i.e.AbstractTransferListenerAdapter - Downloading https://repo.maven.apache.org/maven2/org/apache/maven/maven-core/3.6.3/maven-core-3.6.3-sources.jar
2020-12-07 12:22:40,418 [Worker-20: Searching...] INFO  o.e.m.c.i.e.AbstractTransferListenerAdapter - Downloaded https://repo.maven.apache.org/maven2/org/apache/maven/maven-core/3.6.3/maven-core-3.6.3-sources.jar
2020-12-07 12:22:41,244 [Worker-20: Searching...] INFO  o.e.m.c.i.e.AbstractTransferListenerAdapter - Downloading https://repo.maven.apache.org/maven2/org/apache/maven/maven-model/3.6.3/maven-model-3.6.3-sources.jar
2020-12-07 12:22:41,707 [Worker-20: Searching...] INFO  o.e.m.c.i.e.AbstractTransferListenerAdapter - Downloaded https://repo.maven.apache.org/maven2/org/apache/maven/maven-model/3.6.3/maven-model-3.6.3-sources.jar
2020-12-07 12:22:42,410 [Worker-20: Searching...] INFO  o.e.m.c.i.e.AbstractTransferListenerAdapter - Downloading https://repo.maven.apache.org/maven2/org/apache/maven/maven-settings/3.6.3/maven-settings-3.6.3-sources.jar
2020-12-07 12:22:43,223 [Worker-20: Searching...] INFO  o.e.m.c.i.e.AbstractTransferListenerAdapter - Downloaded https://repo.maven.apache.org/maven2/org/apache/maven/maven-settings/3.6.3/maven-settings-3.6.3-sources.jar
2020-12-07 12:22:44,359 [Worker-20: Searching...] INFO  o.e.m.c.i.e.AbstractTransferListenerAdapter - Downloading https://repo.maven.apache.org/maven2/org/apache/maven/maven-settings-builder/3.6.3/maven-settings-builder-3.6.3-sources.jar
2020-12-07 12:22:45,222 [Worker-20: Searching...] INFO  o.e.m.c.i.e.AbstractTransferListenerAdapter - Downloaded https://repo.maven.apache.org/maven2/org/apache/maven/maven-settings-builder/3.6.3/maven-settings-builder-3.6.3-sources.jar
2020-12-07 12:22:46,095 [Worker-20: Searching...] INFO  o.e.m.c.i.e.AbstractTransferListenerAdapter - Downloading https://repo.maven.apache.org/maven2/org/apache/maven/maven-builder-support/3.6.3/maven-builder-support-3.6.3-sources.jar
2020-12-07 12:22:46,367 [Worker-20: Searching...] INFO  o.e.m.c.i.e.AbstractTransferListenerAdapter - Downloaded https://repo.maven.apache.org/maven2/org/apache/maven/maven-builder-support/3.6.3/maven-builder-support-3.6.3-sources.jar
2020-12-07 12:22:47,252 [Worker-20: Searching...] INFO  o.e.m.c.i.e.AbstractTransferListenerAdapter - Downloading https://repo.maven.apache.org/maven2/org/apache/maven/maven-repository-metadata/3.6.3/maven-repository-metadata-3.6.3-sources.jar
2020-12-07 12:22:47,531 [Worker-20: Searching...] INFO  o.e.m.c.i.e.AbstractTransferListenerAdapter - Downloaded https://repo.maven.apache.org/maven2/org/apache/maven/maven-repository-metadata/3.6.3/maven-repository-metadata-3.6.3-sources.jar
2020-12-07 12:22:48,631 [Worker-20: Searching...] INFO  o.e.m.c.i.e.AbstractTransferListenerAdapter - Downloading https://repo.maven.apache.org/maven2/org/apache/maven/maven-artifact/3.6.3/maven-artifact-3.6.3-sources.jar
2020-12-07 12:22:49,044 [Worker-20: Searching...] INFO  o.e.m.c.i.e.AbstractTransferListenerAdapter - Downloaded https://repo.maven.apache.org/maven2/org/apache/maven/maven-artifact/3.6.3/maven-artifact-3.6.3-sources.jar
2020-12-07 12:22:49,784 [Worker-20: Searching...] INFO  o.e.m.c.i.e.AbstractTransferListenerAdapter - Downloading https://repo.maven.apache.org/maven2/org/apache/maven/maven-plugin-api/3.6.3/maven-plugin-api-3.6.3-sources.jar
2020-12-07 12:22:54,559 [Worker-20: Searching...] INFO  o.e.m.c.i.e.AbstractTransferListenerAdapter - Downloaded https://repo.maven.apache.org/maven2/org/apache/maven/maven-plugin-api/3.6.3/maven-plugin-api-3.6.3-sources.jar
2020-12-07 12:22:57,447 [Worker-20: Searching...] INFO  o.e.m.c.i.e.AbstractTransferListenerAdapter - Downloading https://repo.maven.apache.org/maven2/org/apache/maven/maven-model-builder/3.6.3/maven-model-builder-3.6.3-sources.jar
2020-12-07 12:22:58,130 [Worker-20: Searching...] INFO  o.e.m.c.i.e.AbstractTransferListenerAdapter - Downloaded https://repo.maven.apache.org/maven2/org/apache/maven/maven-model-builder/3.6.3/maven-model-builder-3.6.3-sources.jar
2020-12-07 12:22:59,022 [Worker-20: Searching...] INFO  o.e.m.c.i.e.AbstractTransferListenerAdapter - Downloading https://repo.maven.apache.org/maven2/org/apache/maven/maven-resolver-provider/3.6.3/maven-resolver-provider-3.6.3-sources.jar
2020-12-07 12:23:00,914 [Worker-20: Searching...] INFO  o.e.m.c.i.e.AbstractTransferListenerAdapter - Downloaded https://repo.maven.apache.org/maven2/org/apache/maven/maven-resolver-provider/3.6.3/maven-resolver-provider-3.6.3-sources.jar
2020-12-07 12:23:02,181 [Worker-20: Searching...] INFO  o.e.m.c.i.e.AbstractTransferListenerAdapter - Downloading https://repo.maven.apache.org/maven2/org/apache/maven/resolver/maven-resolver-api/1.4.1/maven-resolver-api-1.4.1-sources.jar
2020-12-07 12:23:02,772 [Worker-20: Searching...] INFO  o.e.m.c.i.e.AbstractTransferListenerAdapter - Downloaded https://repo.maven.apache.org/maven2/org/apache/maven/resolver/maven-resolver-api/1.4.1/maven-resolver-api-1.4.1-sources.jar
2020-12-07 12:23:04,489 [Worker-20: Searching...] INFO  o.e.m.c.i.e.AbstractTransferListenerAdapter - Downloading https://repo.maven.apache.org/maven2/org/apache/maven/resolver/maven-resolver-spi/1.4.1/maven-resolver-spi-1.4.1-sources.jar
2020-12-07 12:23:05,149 [Worker-20: Searching...] INFO  o.e.m.c.i.e.AbstractTransferListenerAdapter - Downloaded https://repo.maven.apache.org/maven2/org/apache/maven/resolver/maven-resolver-spi/1.4.1/maven-resolver-spi-1.4.1-sources.jar
2020-12-07 12:23:06,223 [Worker-20: Searching...] INFO  o.e.m.c.i.e.AbstractTransferListenerAdapter - Downloading https://repo.maven.apache.org/maven2/org/apache/maven/resolver/maven-resolver-util/1.4.1/maven-resolver-util-1.4.1-sources.jar
2020-12-07 12:23:07,117 [Worker-20: Searching...] INFO  o.e.m.c.i.e.AbstractTransferListenerAdapter - Downloaded https://repo.maven.apache.org/maven2/org/apache/maven/resolver/maven-resolver-util/1.4.1/maven-resolver-util-1.4.1-sources.jar
2020-12-07 12:23:08,990 [Worker-20: Searching...] INFO  o.e.m.c.i.e.AbstractTransferListenerAdapter - Downloading https://repo.maven.apache.org/maven2/org/codehaus/plexus/plexus-utils/3.2.1/plexus-utils-3.2.1-sources.jar
2020-12-07 12:23:10,434 [Worker-20: Searching...] INFO  o.e.m.c.i.e.AbstractTransferListenerAdapter - Downloaded https://repo.maven.apache.org/maven2/org/codehaus/plexus/plexus-utils/3.2.1/plexus-utils-3.2.1-sources.jar
2020-12-07 12:23:11,240 [Worker-20: Searching...] INFO  o.e.m.c.i.e.AbstractTransferListenerAdapter - Downloading https://repo.maven.apache.org/maven2/org/codehaus/plexus/plexus-component-annotations/2.1.0/plexus-component-annotations-2.1.0-sources.jar
2020-12-07 12:23:12,079 [Worker-20: Searching...] INFO  o.e.m.c.i.e.AbstractTransferListenerAdapter - Downloaded https://repo.maven.apache.org/maven2/org/codehaus/plexus/plexus-component-annotations/2.1.0/plexus-component-annotations-2.1.0-sources.jar
2020-12-07 12:23:12,818 [Worker-20: Searching...] INFO  o.e.m.c.i.e.AbstractTransferListenerAdapter - Downloading https://repo.maven.apache.org/maven2/org/apache/commons/commons-lang3/3.8.1/commons-lang3-3.8.1-sources.jar
2020-12-07 12:23:14,375 [Worker-20: Searching...] INFO  o.e.m.c.i.e.AbstractTransferListenerAdapter - Downloaded https://repo.maven.apache.org/maven2/org/apache/commons/commons-lang3/3.8.1/commons-lang3-3.8.1-sources.jar
2020-12-07 12:23:17,452 [Worker-20: Searching...] INFO  o.e.m.c.i.e.AbstractTransferListenerAdapter - Downloading https://repo.maven.apache.org/maven2/org/apache/maven/maven-embedder/3.6.3/maven-embedder-3.6.3-sources.jar
2020-12-07 12:23:17,877 [Worker-20: Searching...] INFO  o.e.m.c.i.e.AbstractTransferListenerAdapter - Downloaded https://repo.maven.apache.org/maven2/org/apache/maven/maven-embedder/3.6.3/maven-embedder-3.6.3-sources.jar
2020-12-07 12:23:19,088 [Worker-20: Searching...] INFO  o.e.m.c.i.e.AbstractTransferListenerAdapter - Downloading https://repo.maven.apache.org/maven2/org/sonatype/plexus/plexus-sec-dispatcher/1.4/plexus-sec-dispatcher-1.4-sources.jar
2020-12-07 12:23:20,276 [Worker-20: Searching...] INFO  o.e.m.c.i.e.AbstractTransferListenerAdapter - Downloaded https://repo.maven.apache.org/maven2/org/sonatype/plexus/plexus-sec-dispatcher/1.4/plexus-sec-dispatcher-1.4-sources.jar
2020-12-07 12:23:21,043 [Worker-20: Searching...] INFO  o.e.m.c.i.e.AbstractTransferListenerAdapter - Downloading https://repo.maven.apache.org/maven2/org/sonatype/plexus/plexus-cipher/1.7/plexus-cipher-1.7-sources.jar
2020-12-07 12:23:23,053 [Worker-20: Searching...] INFO  o.e.m.c.i.e.AbstractTransferListenerAdapter - Downloaded https://repo.maven.apache.org/maven2/org/sonatype/plexus/plexus-cipher/1.7/plexus-cipher-1.7-sources.jar
2020-12-07 12:23:24,246 [Worker-20: Searching...] INFO  o.e.m.c.i.e.AbstractTransferListenerAdapter - Downloading https://repo.maven.apache.org/maven2/commons-cli/commons-cli/1.4/commons-cli-1.4-sources.jar
2020-12-07 12:23:24,547 [Worker-20: Searching...] INFO  o.e.m.c.i.e.AbstractTransferListenerAdapter - Downloaded https://repo.maven.apache.org/maven2/commons-cli/commons-cli/1.4/commons-cli-1.4-sources.jar
2020-12-07 12:23:26,673 [Worker-20: Searching...] INFO  o.e.m.c.i.e.AbstractTransferListenerAdapter - Downloading https://repo.maven.apache.org/maven2/org/apache/maven/maven-compat/3.6.3/maven-compat-3.6.3-sources.jar
2020-12-07 12:23:27,285 [Worker-20: Searching...] INFO  o.e.m.c.i.e.AbstractTransferListenerAdapter - Downloaded https://repo.maven.apache.org/maven2/org/apache/maven/maven-compat/3.6.3/maven-compat-3.6.3-sources.jar
2020-12-07 12:23:28,262 [Worker-20: Searching...] INFO  o.e.m.c.i.e.AbstractTransferListenerAdapter - Downloading https://repo.maven.apache.org/maven2/org/codehaus/plexus/plexus-interpolation/1.25/plexus-interpolation-1.25-sources.jar
2020-12-07 12:23:28,592 [Worker-20: Searching...] INFO  o.e.m.c.i.e.AbstractTransferListenerAdapter - Downloaded https://repo.maven.apache.org/maven2/org/codehaus/plexus/plexus-interpolation/1.25/plexus-interpolation-1.25-sources.jar
2020-12-07 12:23:29,505 [Worker-20: Searching...] INFO  o.e.m.c.i.e.AbstractTransferListenerAdapter - Downloading https://repo.maven.apache.org/maven2/org/apache/maven/wagon/wagon-provider-api/3.3.4/wagon-provider-api-3.3.4-sources.jar
2020-12-07 12:23:30,031 [Worker-20: Searching...] INFO  o.e.m.c.i.e.AbstractTransferListenerAdapter - Downloaded https://repo.maven.apache.org/maven2/org/apache/maven/wagon/wagon-provider-api/3.3.4/wagon-provider-api-3.3.4-sources.jar
2020-12-07 12:23:32,543 [Worker-20: Searching...] INFO  o.e.m.c.i.e.AbstractTransferListenerAdapter - Downloading https://repo.maven.apache.org/maven2/javax/enterprise/cdi-api/1.0/cdi-api-1.0-sources.jar
2020-12-07 12:23:33,052 [Worker-20: Searching...] INFO  o.e.m.c.i.e.AbstractTransferListenerAdapter - Downloaded https://repo.maven.apache.org/maven2/javax/enterprise/cdi-api/1.0/cdi-api-1.0-sources.jar
2020-12-07 12:23:34,224 [Worker-20: Searching...] INFO  o.e.m.c.i.e.AbstractTransferListenerAdapter - Downloading https://repo.maven.apache.org/maven2/io/takari/aether/aether-connector-okhttp/0.17.6/aether-connector-okhttp-0.17.6-sources.jar
2020-12-07 12:23:35,653 [Worker-20: Searching...] INFO  o.e.m.c.i.e.AbstractTransferListenerAdapter - Downloaded https://repo.maven.apache.org/maven2/io/takari/aether/aether-connector-okhttp/0.17.6/aether-connector-okhttp-0.17.6-sources.jar
2020-12-07 12:23:36,775 [Worker-20: Searching...] INFO  o.e.m.c.i.e.AbstractTransferListenerAdapter - Downloading https://repo.maven.apache.org/maven2/com/squareup/okhttp3/okhttp/3.14.1/okhttp-3.14.1-sources.jar
2020-12-07 12:23:37,418 [Worker-20: Searching...] INFO  o.e.m.c.i.e.AbstractTransferListenerAdapter - Downloaded https://repo.maven.apache.org/maven2/com/squareup/okhttp3/okhttp/3.14.1/okhttp-3.14.1-sources.jar
2020-12-07 12:23:38,337 [Worker-20: Searching...] INFO  o.e.m.c.i.e.AbstractTransferListenerAdapter - Downloading https://repo.maven.apache.org/maven2/com/squareup/okio/okio/1.17.3/okio-1.17.3-sources.jar
2020-12-07 12:23:38,641 [Worker-20: Searching...] INFO  o.e.m.c.i.e.AbstractTransferListenerAdapter - Downloaded https://repo.maven.apache.org/maven2/com/squareup/okio/okio/1.17.3/okio-1.17.3-sources.jar
2020-12-07 12:23:39,518 [Worker-20: Searching...] INFO  o.e.m.c.i.e.AbstractTransferListenerAdapter - Downloading https://repo.maven.apache.org/maven2/org/apache/maven/resolver/maven-resolver-impl/1.4.1/maven-resolver-impl-1.4.1-sources.jar
2020-12-07 12:23:40,015 [Worker-20: Searching...] INFO  o.e.m.c.i.e.AbstractTransferListenerAdapter - Downloaded https://repo.maven.apache.org/maven2/org/apache/maven/resolver/maven-resolver-impl/1.4.1/maven-resolver-impl-1.4.1-sources.jar
2020-12-07 12:23:40,713 [Worker-20: Searching...] INFO  o.e.m.c.i.e.AbstractTransferListenerAdapter - Downloading https://repo.maven.apache.org/maven2/org/apache/maven/resolver/maven-resolver-connector-basic/1.4.1/maven-resolver-connector-basic-1.4.1-sources.jar
2020-12-07 12:23:41,058 [Worker-20: Searching...] INFO  o.e.m.c.i.e.AbstractTransferListenerAdapter - Downloaded https://repo.maven.apache.org/maven2/org/apache/maven/resolver/maven-resolver-connector-basic/1.4.1/maven-resolver-connector-basic-1.4.1-sources.jar
2020-12-07 12:23:41,908 [Worker-20: Searching...] INFO  o.e.m.c.i.e.AbstractTransferListenerAdapter - Downloading https://repo.maven.apache.org/maven2/org/apache/maven/resolver/maven-resolver-transport-wagon/1.4.1/maven-resolver-transport-wagon-1.4.1-sources.jar
2020-12-07 12:23:43,026 [Worker-20: Searching...] INFO  o.e.m.c.i.e.AbstractTransferListenerAdapter - Downloaded https://repo.maven.apache.org/maven2/org/apache/maven/resolver/maven-resolver-transport-wagon/1.4.1/maven-resolver-transport-wagon-1.4.1-sources.jar
2020-12-07 12:23:44,150 [Worker-20: Searching...] INFO  o.e.m.c.i.e.AbstractTransferListenerAdapter - Downloading https://repo.maven.apache.org/maven2/org/apache/maven/wagon/wagon-file/3.3.4/wagon-file-3.3.4-sources.jar
2020-12-07 12:23:44,579 [Worker-20: Searching...] INFO  o.e.m.c.i.e.AbstractTransferListenerAdapter - Downloaded https://repo.maven.apache.org/maven2/org/apache/maven/wagon/wagon-file/3.3.4/wagon-file-3.3.4-sources.jar
2020-12-07 12:23:45,313 [Worker-20: Searching...] INFO  o.e.m.c.i.e.AbstractTransferListenerAdapter - Downloading https://repo.maven.apache.org/maven2/org/fusesource/hawtjni/hawtjni-runtime/1.16/hawtjni-runtime-1.16-sources.jar
2020-12-07 12:23:45,835 [Worker-20: Searching...] INFO  o.e.m.c.i.e.AbstractTransferListenerAdapter - Downloaded https://repo.maven.apache.org/maven2/org/fusesource/hawtjni/hawtjni-runtime/1.16/hawtjni-runtime-1.16-sources.jar
2020-12-07 12:23:46,636 [Worker-20: Searching...] INFO  o.e.m.c.i.e.AbstractTransferListenerAdapter - Downloading https://repo.maven.apache.org/maven2/org/fusesource/jansi/jansi-freebsd32/1.8/jansi-freebsd32-1.8-sources.jar
2020-12-07 12:23:47,221 [Worker-20: Searching...] INFO  o.e.m.c.i.e.AbstractTransferListenerAdapter - Downloaded https://repo.maven.apache.org/maven2/org/fusesource/jansi/jansi-freebsd32/1.8/jansi-freebsd32-1.8-sources.jar
2020-12-07 12:23:47,975 [Worker-20: Searching...] INFO  o.e.m.c.i.e.AbstractTransferListenerAdapter - Downloading https://repo.maven.apache.org/maven2/org/fusesource/jansi/jansi-freebsd64/1.8/jansi-freebsd64-1.8-sources.jar
2020-12-07 12:23:48,613 [Worker-20: Searching...] INFO  o.e.m.c.i.e.AbstractTransferListenerAdapter - Downloaded https://repo.maven.apache.org/maven2/org/fusesource/jansi/jansi-freebsd64/1.8/jansi-freebsd64-1.8-sources.jar
2020-12-07 12:23:49,641 [Worker-20: Searching...] INFO  o.e.m.c.i.e.AbstractTransferListenerAdapter - Downloading https://repo.maven.apache.org/maven2/org/fusesource/jansi/jansi-linux32/1.8/jansi-linux32-1.8-sources.jar
2020-12-07 12:23:50,082 [Worker-20: Searching...] INFO  o.e.m.c.i.e.AbstractTransferListenerAdapter - Downloaded https://repo.maven.apache.org/maven2/org/fusesource/jansi/jansi-linux32/1.8/jansi-linux32-1.8-sources.jar
2020-12-07 12:23:51,378 [Worker-20: Searching...] INFO  o.e.m.c.i.e.AbstractTransferListenerAdapter - Downloading https://repo.maven.apache.org/maven2/org/fusesource/jansi/jansi-linux64/1.8/jansi-linux64-1.8-sources.jar
2020-12-07 12:23:51,877 [Worker-20: Searching...] INFO  o.e.m.c.i.e.AbstractTransferListenerAdapter - Downloaded https://repo.maven.apache.org/maven2/org/fusesource/jansi/jansi-linux64/1.8/jansi-linux64-1.8-sources.jar
2020-12-07 12:23:54,249 [Worker-20: Searching...] INFO  o.e.m.c.i.e.AbstractTransferListenerAdapter - Downloading https://repo.maven.apache.org/maven2/org/fusesource/jansi/jansi-native/1.8/jansi-native-1.8-sources.jar
2020-12-07 12:23:54,420 [Worker-20: Searching...] INFO  o.e.m.c.i.e.AbstractTransferListenerAdapter - Downloaded https://repo.maven.apache.org/maven2/org/fusesource/jansi/jansi-native/1.8/jansi-native-1.8-sources.jar
2020-12-07 12:23:55,172 [Worker-20: Searching...] INFO  o.e.m.c.i.e.AbstractTransferListenerAdapter - Downloading https://repo.maven.apache.org/maven2/org/fusesource/jansi/jansi-osx/1.8/jansi-osx-1.8-sources.jar
2020-12-07 12:23:55,563 [Worker-20: Searching...] INFO  o.e.m.c.i.e.AbstractTransferListenerAdapter - Downloaded https://repo.maven.apache.org/maven2/org/fusesource/jansi/jansi-osx/1.8/jansi-osx-1.8-sources.jar
2020-12-07 12:23:56,677 [Worker-20: Searching...] INFO  o.e.m.c.i.e.AbstractTransferListenerAdapter - Downloading https://repo.maven.apache.org/maven2/org/fusesource/jansi/jansi-windows32/1.8/jansi-windows32-1.8-sources.jar
2020-12-07 12:23:59,991 [Worker-20: Searching...] INFO  o.e.m.c.i.e.AbstractTransferListenerAdapter - Downloaded https://repo.maven.apache.org/maven2/org/fusesource/jansi/jansi-windows32/1.8/jansi-windows32-1.8-sources.jar
2020-12-07 12:24:00,903 [Worker-20: Searching...] INFO  o.e.m.c.i.e.AbstractTransferListenerAdapter - Downloading https://repo.maven.apache.org/maven2/org/fusesource/jansi/jansi-windows64/1.8/jansi-windows64-1.8-sources.jar
2020-12-07 12:24:01,443 [Worker-20: Searching...] INFO  o.e.m.c.i.e.AbstractTransferListenerAdapter - Downloaded https://repo.maven.apache.org/maven2/org/fusesource/jansi/jansi-windows64/1.8/jansi-windows64-1.8-sources.jar
2020-12-07 12:24:02,313 [Worker-20: Searching...] INFO  o.e.m.c.i.e.AbstractTransferListenerAdapter - Downloading https://repo.maven.apache.org/maven2/org/fusesource/jansi/jansi/1.17.1/jansi-1.17.1-sources.jar
2020-12-07 12:24:02,976 [Worker-20: Searching...] INFO  o.e.m.c.i.e.AbstractTransferListenerAdapter - Downloaded https://repo.maven.apache.org/maven2/org/fusesource/jansi/jansi/1.17.1/jansi-1.17.1-sources.jar
2020-12-07 12:24:03,952 [Worker-20: Searching...] INFO  o.e.m.c.i.e.AbstractTransferListenerAdapter - Downloading https://repo.maven.apache.org/maven2/org/slf4j/slf4j-simple/1.7.5/slf4j-simple-1.7.5-sources.jar
2020-12-07 12:24:04,191 [Worker-20: Searching...] INFO  o.e.m.c.i.e.AbstractTransferListenerAdapter - Downloaded https://repo.maven.apache.org/maven2/org/slf4j/slf4j-simple/1.7.5/slf4j-simple-1.7.5-sources.jar
2020-12-07 12:24:41,543 [Worker-23: Building] INFO  o.e.m.c.i.l.LifecycleMappingFactory - Using org.eclipse.m2e.jdt.JarLifecycleMapping lifecycle mapping for MavenProject: com:Automation_ComputerDB_12thDec:0.0.1-SNAPSHOT @ E:\GForcesProject\Automation_ComputerDB_12thDec\pom.xml.
2020-12-07 12:24:42,684 [Worker-23: Building] WARN  o.e.m.c.i.embedder.EclipseLogger - Using platform encoding (Cp1252 actually) to copy filtered resources, i.e. build is platform dependent!
2020-12-07 12:24:42,685 [Worker-23: Building] INFO  o.e.m.c.i.embedder.EclipseLogger - Copying 0 resource
2020-12-07 12:24:42,686 [Worker-23: Building] WARN  o.e.m.c.i.embedder.EclipseLogger - Using platform encoding (Cp1252 actually) to copy filtered resources, i.e. build is platform dependent!
2020-12-07 12:24:42,720 [Worker-23: Building] INFO  o.e.m.c.i.embedder.EclipseLogger - Copying 0 resource
2020-12-07 12:29:46,805 [Worker-0: Loading available Gradle versions] INFO  o.e.b.c.i.u.g.PublishedGradleVersions - Gradle version information cache is up-to-date. Trying to read.
2020-12-07 12:30:27,189 [Worker-4: Creating project "Automation_ComputerDB_7thDec"] INFO  o.e.m.c.i.l.LifecycleMappingFactory - Using org.eclipse.m2e.jdt.JarLifecycleMapping lifecycle mapping for MavenProject: com:Automation_ComputerDB_7thDec:0.0.1-SNAPSHOT @ E:\GForceProject_7thDec\Automation_ComputerDB_7thDec\pom.xml.
2020-12-07 12:30:27,805 [Worker-4: Creating project "Automation_ComputerDB_7thDec"] INFO  o.e.m.j.i.AbstractJavaProjectConfigurator - Adding source folder /Automation_ComputerDB_7thDec/src/main/java
2020-12-07 12:30:27,806 [Worker-4: Creating project "Automation_ComputerDB_7thDec"] INFO  o.e.m.j.i.AbstractJavaProjectConfigurator - Adding resource folder /Automation_ComputerDB_7thDec/src/main/resources
2020-12-07 12:30:27,807 [Worker-4: Creating project "Automation_ComputerDB_7thDec"] INFO  o.e.m.j.i.AbstractJavaProjectConfigurator - Adding source folder /Automation_ComputerDB_7thDec/src/test/java
2020-12-07 12:30:27,807 [Worker-4: Creating project "Automation_ComputerDB_7thDec"] INFO  o.e.m.j.i.AbstractJavaProjectConfigurator - Adding resource folder /Automation_ComputerDB_7thDec/src/test/resources
2020-12-07 12:30:28,737 [Worker-4: Building] WARN  o.e.m.c.i.embedder.EclipseLogger - Using platform encoding (Cp1252 actually) to copy filtered resources, i.e. build is platform dependent!
2020-12-07 12:30:28,743 [Worker-4: Building] INFO  o.e.m.c.i.embedder.EclipseLogger - Copying 0 resource
2020-12-07 12:30:28,745 [Worker-4: Building] WARN  o.e.m.c.i.embedder.EclipseLogger - Using platform encoding (Cp1252 actually) to copy filtered resources, i.e. build is platform dependent!
2020-12-07 12:30:28,746 [Worker-4: Building] INFO  o.e.m.c.i.embedder.EclipseLogger - Copying 0 resource
2020-12-07 12:30:51,176 [Worker-9: Building] WARN  o.e.m.c.i.embedder.EclipseLogger - Using platform encoding (Cp1252 actually) to copy filtered resources, i.e. build is platform dependent!
2020-12-07 12:30:51,183 [Worker-9: Building] INFO  o.e.m.c.i.embedder.EclipseLogger - Copying 0 resource
2020-12-07 12:30:51,184 [Worker-9: Building] WARN  o.e.m.c.i.embedder.EclipseLogger - Using platform encoding (Cp1252 actually) to copy filtered resources, i.e. build is platform dependent!
2020-12-07 12:30:51,185 [Worker-9: Building] INFO  o.e.m.c.i.embedder.EclipseLogger - Copying 0 resource
2020-12-07 12:31:20,006 [Worker-22: Building] INFO  o.e.m.c.i.l.LifecycleMappingFactory - Using org.eclipse.m2e.jdt.JarLifecycleMapping lifecycle mapping for MavenProject: com:Automation_ComputerDB_7thDec:0.0.1-SNAPSHOT @ E:\GForceProject_7thDec\Automation_ComputerDB_7thDec\pom.xml.
2020-12-07 12:31:20,468 [Worker-22: Building] WARN  o.e.m.c.i.embedder.EclipseLogger - Using platform encoding (Cp1252 actually) to copy filtered resources, i.e. build is platform dependent!
2020-12-07 12:31:20,470 [Worker-22: Building] INFO  o.e.m.c.i.embedder.EclipseLogger - Copying 0 resource
2020-12-07 12:31:20,471 [Worker-22: Building] WARN  o.e.m.c.i.embedder.EclipseLogger - Using platform encoding (Cp1252 actually) to copy filtered resources, i.e. build is platform dependent!
2020-12-07 12:31:20,472 [Worker-22: Building] INFO  o.e.m.c.i.embedder.EclipseLogger - Copying 0 resource
2020-12-07 12:31:21,903 [Worker-10: Building] WARN  o.e.m.c.i.embedder.EclipseLogger - Using platform encoding (Cp1252 actually) to copy filtered resources, i.e. build is platform dependent!
2020-12-07 12:31:21,904 [Worker-10: Building] INFO  o.e.m.c.i.embedder.EclipseLogger - Copying 0 resource
2020-12-07 12:31:21,905 [Worker-10: Building] WARN  o.e.m.c.i.embedder.EclipseLogger - Using platform encoding (Cp1252 actually) to copy filtered resources, i.e. build is platform dependent!
2020-12-07 12:31:21,906 [Worker-10: Building] INFO  o.e.m.c.i.embedder.EclipseLogger - Copying 0 resource
2020-12-07 12:31:41,902 [Worker-4: Updating Maven Project] INFO  o.e.m.c.i.p.ProjectConfigurationManager - Update started
2020-12-07 12:31:42,231 [Worker-4: Updating Maven Project] INFO  o.e.m.c.i.l.LifecycleMappingFactory - Using org.eclipse.m2e.jdt.JarLifecycleMapping lifecycle mapping for MavenProject: com:Automation_ComputerDB_7thDec:0.0.1-SNAPSHOT @ E:\GForceProject_7thDec\Automation_ComputerDB_7thDec\pom.xml.
2020-12-07 12:31:42,474 [Worker-4: Updating Maven Project] INFO  o.e.m.j.i.AbstractJavaProjectConfigurator - Adding source folder /Automation_ComputerDB_7thDec/src/main/java
2020-12-07 12:31:42,474 [Worker-4: Updating Maven Project] INFO  o.e.m.j.i.AbstractJavaProjectConfigurator - Adding resource folder /Automation_ComputerDB_7thDec/src/main/resources
2020-12-07 12:31:42,474 [Worker-4: Updating Maven Project] INFO  o.e.m.j.i.AbstractJavaProjectConfigurator - Adding source folder /Automation_ComputerDB_7thDec/src/test/java
2020-12-07 12:31:42,475 [Worker-4: Updating Maven Project] INFO  o.e.m.j.i.AbstractJavaProjectConfigurator - Adding resource folder /Automation_ComputerDB_7thDec/src/test/resources
2020-12-07 12:31:42,633 [Worker-4: Updating Maven Project] INFO  o.e.m.c.i.p.ProjectConfigurationManager - Update completed: 0 sec
2020-12-07 12:31:42,915 [Worker-15: Building] WARN  o.e.m.c.i.embedder.EclipseLogger - Using platform encoding (Cp1252 actually) to copy filtered resources, i.e. build is platform dependent!
2020-12-07 12:31:42,916 [Worker-15: Building] INFO  o.e.m.c.i.embedder.EclipseLogger - Copying 0 resource
2020-12-07 12:31:42,918 [Worker-15: Building] WARN  o.e.m.c.i.embedder.EclipseLogger - Using platform encoding (Cp1252 actually) to copy filtered resources, i.e. build is platform dependent!
2020-12-07 12:31:42,919 [Worker-15: Building] INFO  o.e.m.c.i.embedder.EclipseLogger - Copying 0 resource
2020-12-07 12:32:08,717 [Worker-4: Building] WARN  o.e.m.c.i.embedder.EclipseLogger - Using platform encoding (Cp1252 actually) to copy filtered resources, i.e. build is platform dependent!
2020-12-07 12:32:08,719 [Worker-4: Building] INFO  o.e.m.c.i.embedder.EclipseLogger - Copying 0 resource
2020-12-07 12:32:08,721 [Worker-4: Building] WARN  o.e.m.c.i.embedder.EclipseLogger - Using platform encoding (Cp1252 actually) to copy filtered resources, i.e. build is platform dependent!
2020-12-07 12:32:08,723 [Worker-4: Building] INFO  o.e.m.c.i.embedder.EclipseLogger - Copying 0 resource
2020-12-07 12:32:24,172 [Worker-20: Building] WARN  o.e.m.c.i.embedder.EclipseLogger - Using platform encoding (Cp1252 actually) to copy filtered resources, i.e. build is platform dependent!
2020-12-07 12:32:24,173 [Worker-20: Building] INFO  o.e.m.c.i.embedder.EclipseLogger - Copying 0 resource
2020-12-07 12:32:24,174 [Worker-20: Building] WARN  o.e.m.c.i.embedder.EclipseLogger - Using platform encoding (Cp1252 actually) to copy filtered resources, i.e. build is platform dependent!
2020-12-07 12:32:24,176 [Worker-20: Building] INFO  o.e.m.c.i.embedder.EclipseLogger - Copying 1 resource
2020-12-07 12:32:51,584 [Worker-22: Building] WARN  o.e.m.c.i.embedder.EclipseLogger - Using platform encoding (Cp1252 actually) to copy filtered resources, i.e. build is platform dependent!
2020-12-07 12:32:51,586 [Worker-22: Building] INFO  o.e.m.c.i.embedder.EclipseLogger - Copying 0 resource
2020-12-07 12:32:51,588 [Worker-22: Building] WARN  o.e.m.c.i.embedder.EclipseLogger - Using platform encoding (Cp1252 actually) to copy filtered resources, i.e. build is platform dependent!
2020-12-07 12:32:51,589 [Worker-22: Building] INFO  o.e.m.c.i.embedder.EclipseLogger - Copying 1 resource
2020-12-07 12:32:55,398 [Worker-6: Building] WARN  o.e.m.c.i.embedder.EclipseLogger - Using platform encoding (Cp1252 actually) to copy filtered resources, i.e. build is platform dependent!
2020-12-07 12:32:55,399 [Worker-6: Building] INFO  o.e.m.c.i.embedder.EclipseLogger - Copying 0 resource
2020-12-07 12:32:55,400 [Worker-6: Building] WARN  o.e.m.c.i.embedder.EclipseLogger - Using platform encoding (Cp1252 actually) to copy filtered resources, i.e. build is platform dependent!
2020-12-07 12:32:55,401 [Worker-6: Building] INFO  o.e.m.c.i.embedder.EclipseLogger - Copying 0 resource
2020-12-07 12:33:36,542 [Worker-21: Building] WARN  o.e.m.c.i.embedder.EclipseLogger - Using platform encoding (Cp1252 actually) to copy filtered resources, i.e. build is platform dependent!
2020-12-07 12:33:36,543 [Worker-21: Building] INFO  o.e.m.c.i.embedder.EclipseLogger - Copying 0 resource
2020-12-07 12:33:36,544 [Worker-21: Building] WARN  o.e.m.c.i.embedder.EclipseLogger - Using platform encoding (Cp1252 actually) to copy filtered resources, i.e. build is platform dependent!
2020-12-07 12:33:36,545 [Worker-21: Building] INFO  o.e.m.c.i.embedder.EclipseLogger - Copying 0 resource
2020-12-07 12:34:04,796 [Worker-3: Building] WARN  o.e.m.c.i.embedder.EclipseLogger - Using platform encoding (Cp1252 actually) to copy filtered resources, i.e. build is platform dependent!
2020-12-07 12:34:04,797 [Worker-3: Building] INFO  o.e.m.c.i.embedder.EclipseLogger - Copying 0 resource
2020-12-07 12:34:04,798 [Worker-3: Building] WARN  o.e.m.c.i.embedder.EclipseLogger - Using platform encoding (Cp1252 actually) to copy filtered resources, i.e. build is platform dependent!
2020-12-07 12:34:04,799 [Worker-3: Building] INFO  o.e.m.c.i.embedder.EclipseLogger - Copying 0 resource
2020-12-07 12:34:21,898 [Worker-8: Building] WARN  o.e.m.c.i.embedder.EclipseLogger - Using platform encoding (Cp1252 actually) to copy filtered resources, i.e. build is platform dependent!
2020-12-07 12:34:21,899 [Worker-8: Building] INFO  o.e.m.c.i.embedder.EclipseLogger - Copying 0 resource
2020-12-07 12:34:21,902 [Worker-8: Building] WARN  o.e.m.c.i.embedder.EclipseLogger - Using platform encoding (Cp1252 actually) to copy filtered resources, i.e. build is platform dependent!
2020-12-07 12:34:21,903 [Worker-8: Building] INFO  o.e.m.c.i.embedder.EclipseLogger - Copying 0 resource
2020-12-07 12:35:18,737 [Worker-8: Launching Executing test in E__GForceProject_7thDec_Automation_ComputerDB_7thDec] INFO  o.e.m.i.launch.MavenLaunchDelegate - E:\GForceProject_7thDec\Automation_ComputerDB_7thDec
2020-12-07 12:35:18,738 [Worker-8: Launching Executing test in E__GForceProject_7thDec_Automation_ComputerDB_7thDec] INFO  o.e.m.i.launch.MavenLaunchDelegate -  mvn -B test
2020-12-07 12:35:21,378 [Worker-10: Building] WARN  o.e.m.c.i.embedder.EclipseLogger - Using platform encoding (Cp1252 actually) to copy filtered resources, i.e. build is platform dependent!
2020-12-07 12:35:21,379 [Worker-10: Building] INFO  o.e.m.c.i.embedder.EclipseLogger - Copying 0 resource
2020-12-07 12:35:21,381 [Worker-10: Building] WARN  o.e.m.c.i.embedder.EclipseLogger - Using platform encoding (Cp1252 actually) to copy filtered resources, i.e. build is platform dependent!
2020-12-07 12:35:21,382 [Worker-10: Building] INFO  o.e.m.c.i.embedder.EclipseLogger - Copying 0 resource
2020-12-07 12:35:55,375 [Worker-16: Updating Maven Project] INFO  o.e.m.c.i.p.ProjectConfigurationManager - Update started
2020-12-07 12:35:55,681 [Worker-16: Updating Maven Project] INFO  o.e.m.c.i.l.LifecycleMappingFactory - Using org.eclipse.m2e.jdt.JarLifecycleMapping lifecycle mapping for MavenProject: com:Automation_ComputerDB_7thDec:0.0.1-SNAPSHOT @ E:\GForceProject_7thDec\Automation_ComputerDB_7thDec\pom.xml.
2020-12-07 12:35:56,082 [Worker-16: Updating Maven Project] INFO  o.e.m.j.i.AbstractJavaProjectConfigurator - Adding source folder /Automation_ComputerDB_7thDec/src/main/java
2020-12-07 12:35:56,082 [Worker-16: Updating Maven Project] INFO  o.e.m.j.i.AbstractJavaProjectConfigurator - Adding resource folder /Automation_ComputerDB_7thDec/src/main/resources
2020-12-07 12:35:56,083 [Worker-16: Updating Maven Project] INFO  o.e.m.j.i.AbstractJavaProjectConfigurator - Adding source folder /Automation_ComputerDB_7thDec/src/test/java
2020-12-07 12:35:56,083 [Worker-16: Updating Maven Project] INFO  o.e.m.j.i.AbstractJavaProjectConfigurator - Adding resource folder /Automation_ComputerDB_7thDec/src/test/resources
2020-12-07 12:35:56,187 [Worker-16: Updating Maven Project] INFO  o.e.m.c.i.p.ProjectConfigurationManager - Update completed: 0 sec
2020-12-07 12:35:56,577 [Worker-6: Building] WARN  o.e.m.c.i.embedder.EclipseLogger - Using platform encoding (Cp1252 actually) to copy filtered resources, i.e. build is platform dependent!
2020-12-07 12:35:56,578 [Worker-6: Building] INFO  o.e.m.c.i.embedder.EclipseLogger - Copying 0 resource
2020-12-07 12:35:56,580 [Worker-6: Building] WARN  o.e.m.c.i.embedder.EclipseLogger - Using platform encoding (Cp1252 actually) to copy filtered resources, i.e. build is platform dependent!
2020-12-07 12:35:56,581 [Worker-6: Building] INFO  o.e.m.c.i.embedder.EclipseLogger - Copying 1 resource
